00:00:00.300 |I| Configuration LogValueChange: ResScale set to: 1
00:00:00.317 |I| Configuration LogValueChange: ResScaleCustom set to: 1
00:00:00.317 |I| Configuration LogValueChange: MaxAnisotropy set to: -1
00:00:00.318 |I| Configuration LogValueChange: AspectRatio set to: Fixed16x9
00:00:00.319 |I| Configuration LogValueChange: PreferredGpu set to: 
00:00:00.320 |I| Configuration LogValueChange: ScalingFilterLevel set to: 80
00:00:00.320 |I| Configuration LogValueChange: CustomVSyncInterval set to: 120
00:00:00.320 |I| Configuration LogValueChange: EnableShaderCache set to: True
00:00:00.320 |I| Configuration LogValueChange: EnableMacroHLE set to: True
00:00:00.321 |I| Configuration LogValueChange: Language set to: AmericanEnglish
00:00:00.322 |I| Configuration LogValueChange: Region set to: USA
00:00:00.322 |I| Configuration LogValueChange: TimeZone set to: UTC
00:00:00.323 |I| Configuration LogValueChange: EnableDockedMode set to: True
00:00:00.323 |I| Configuration LogValueChange: EnablePtc set to: True
00:00:00.326 |I| Configuration LogValueChange: EnableFsIntegrityChecks set to: True
00:00:00.327 |I| Configuration LogValueChange: AudioBackend set to: SDL2
00:00:00.327 |I| Configuration LogValueChange: AudioVolume set to: 1
00:00:00.328 |I| Configuration LogValueChange: MemoryManagerMode set to: HostMappedUnsafe
00:00:00.329 |I| Configuration LogValueChange: UseHypervisor set to: True
00:00:00.334 |I| Configuration LogValueChange: LdnPassphrase set to: 
00:00:00.334 |I| Configuration LogValueChange: LdnServer set to: 
00:00:00.335 |I| Configuration LogValueChange: GdbStubPort set to: 55555
00:00:00.342 |N| Application PrintSystemInfo:    ___                 __    _              
00:00:00.342 |N| Application PrintSystemInfo:   / _ \  __ __ __ __  / /   (_)  ___   ___ _
00:00:00.342 |N| Application PrintSystemInfo:  / , _/ / // // // / / _ \ / /  / _ \ / _ `/
00:00:00.342 |N| Application PrintSystemInfo: /_/|_|  \_, / \_,_/ /_.__//_/  /_//_/ \_, / 
00:00:00.342 |N| Application PrintSystemInfo:        /___/                         /___/  
00:00:00.342 |N| Application PrintSystemInfo: Ryujinx Version: 1.3.3
00:00:00.342 |N| Application PrintSystemInfo: .NET Runtime: .NET 9.0.9
00:00:00.353 |N| Application PrintSystemInfo: Operating System: Microsoft Windows 10.0.26200 (X64)
00:00:00.353 |N| Application PrintSystemInfo: CPU: 11th Gen Intel(R) Core(TM) i3-1115G4 @ 3.00GHz ; 4 logical
00:00:00.360 |N| Application PrintSystemInfo: RAM: Total 7.8 GiB ; Available 3.9 GiB
00:00:00.363 |N| Application PrintSystemInfo: Logs Enabled: Info, Warning, Error, Guest, Stub
00:00:00.364 |N| Application PrintSystemInfo: Launch Mode: UserProfile
00:00:02.666 |I| Application QueryLatestAsync: Checking for updates from: https://update.ryujinx.app/latest/query?os=win&arch=amd64&rc=stable
00:00:03.094 |I| Application BeginUpdateAsync: Up to date.
00:00:00.075 |I| Gpu : Backend Threading (Auto): True
00:00:00.570 |N| Application LoadGuestApplication: Using Firmware Version: 21.2.0
00:00:00.570 |N| Application LoadGuestApplication: Loading content archive from 'C:\Users\[redacted]\Downloads\Super Mario Bros. Wonder [010015100B514000][v0][US](axekin.com)\Super Mario Bros. Wonder [010015100B514000][v0][US](axekin.fr).xci'.
00:00:00.570 |I| Application LoadGuestApplication: Loading as XCI.
00:00:00.587 |I| ModLoader QueryContentsDir: Searching mods for Application 010015100B514000 in "C:\Users\[redacted]\AppData\Roaming\Ryujinx\mods\contents"
00:00:00.588 |I| ModLoader QueryContentsDir: Searching mods for Application 010015100B514000 in "C:\Users\[redacted]\AppData\Roaming\Ryujinx\sdcard\atmosphere\contents"
00:00:00.590 |I| Loader Load: Loading rtld...
00:00:00.601 |I| Loader PrintRoSectionInfo: rtld:
    Module: nnrtld
00:00:00.601 |I| Loader Load: Loading main...
00:00:01.025 |I| Loader PrintRoSectionInfo: main:
    Module: D:\home\Project\Secred\App\Rom\NX64\Product_Optimize\code\Secred.nss
    SDK Libraries: SDK MW+Nintendo+NintendoSDK_NPLN-1_16_4-Release
                   SDK MW+Nintendo+NintendoSDK_Google_APIs_For_NPLN-1_16_4-Release
                   SDK MW+Nintendo+NintendoSDK_gRPC_For_NPLN-0_0_0-Release
                   SDK MW+Nintendo+NintendoSDK_OpenSSL_For_NPLN-0_0_0-Release
                   SDK MW+Nintendo+NintendoSDK_libcurl-16_2_0-Release
                   SDK MW+Nintendo+PiaClone-6_30_0
                   SDK MW+Nintendo+PiaCommon-6_30_0
                   SDK MW+Nintendo+Pia-6_30_0
                   SDK MW+Nintendo+PiaLocal-6_30_0
                   SDK MW+Nintendo+PiaLan-6_30_0
                   SDK MW+Nintendo+PiaSession-6_30_0
                   SDK MW+Nintendo+PiaSync-6_30_0
                   SDK MW+Nintendo+PiaTransport-6_30_0
                   SDK MW+Nintendo+PiaNpln-6_30_0
                   SDK MW+Nintendo+NintendoWare_Vfx2-16_2_0-Release
                   SDK MW+Nintendo+NintendoWare_Font-16_2_0-Release
                   SDK MW+Nintendo+NintendoWare_Ui2d-16_2_0-Release
                   SDK MW+Nintendo+NintendoWare_G3d2-16_2_0-Release
                   SDK MW+Nintendo+NintendoSDK_libz-16_2_0-Release
00:00:01.026 |I| Loader Load: Loading sdk...
00:00:01.101 |I| Loader PrintRoSectionInfo: sdk:
    Module: nnSdk
    FS SDK Version: 16.2.0
    SDK Libraries: SDK MW+Nintendo+NintendoSDK_libz-16_2_0-Release
                   SDK MW+Nintendo+NintendoSdk_nnSdk-16_2_0-Release
                   SDK MW+Nintendo+NintendoSdk_BuildTarget-64Bit
                   SDK MW+Nintendo+NintendoSDK_NVN-16_2_0-Release
00:00:01.336 |I| Ptc Initialize: Initializing Profiled Persistent Translation Cache (enabled: True).
00:00:01.336 |I| Ptc Initialize: PPTC (v7009) Profile: 1.0.0-default
00:00:01.343 |I| Application ParseCapability: Application requested cores with index range 0 to 2
00:00:01.344 |I| Loader LoadNsos: Loading image 0 at 0x0000000008500000...
00:00:01.346 |I| Loader LoadNsos: Loading image 1 at 0x0000000008504000...
00:00:01.365 |I| Loader LoadNsos: Loading image 2 at 0x000000000bb49000...
00:00:01.371 |I| ModLoader LoadCheats: Build ids found for application 010015100B514000:
    2F1967113A281280A48CE3FC6DC23049327BF924000000000000000000000000
    CD6E42AEE7934F4D8393CD43893AE25EDC83D338000000000000000000000000
    3053B22935E32DDF15EF81997603E5C267534A90000000000000000000000000
00:00:01.375 |I| Application EnsureSaveData: Ensuring required savedata exists.
00:00:01.441 |I| Loader Start: Application Loaded: Super Mario Bros. Wonder v1.0.0 [010015100b514000] [64-bit]
00:00:01.472 |I| GUI.WindowThread Hid Configure: Configured Controller ProController to Player1
00:00:01.495 |I| GUI.WindowThread Hid SetupNpad: Connected Controller ProController to Player1
00:00:01.972 |N| GUI.RenderThread Gpu PrintGpuInformation: Intel(R) UHD Graphics (Vulkan v1.3.280, Driver v0.405.1426)
00:00:01.973 |N| GUI.RenderThread Gpu PrintGpuInformation: GPU Memory: 3987 MiB
00:00:01.985 |I| GPU.MainThread Gpu LoadShaders: Loading 0 shaders from the cache...
00:00:01.996 |I| GPU.MainThread Gpu LoadShaders: Shader cache loaded.
00:00:02.592 |S| HLE.OsThread.47 ServiceAm GetAppletResourceUserId: Stubbed. {appletResourceUserId: 1}
00:00:02.726 |S| HLE.OsThread.47 ServiceAm AcquireForegroundRights: Stubbed. 
00:00:02.734 |S| HLE.OsThread.47 ServiceAm SetFocusHandlingMode: Stubbed. {unknownFlag1: False ; unknownFlag2: False ; unknownFlag3: True}
00:00:02.738 |S| HLE.OsThread.47 ServiceAm SetOutOfFocusSuspendingEnabled: Stubbed. {outOfFocusSuspendingEnabled: False}
00:00:02.821 |S| HLE.OsThread.47 ServicePctl Initialize: Stubbed. 
00:00:02.932 |E| HLE.GuestThread.46 Application : Unhandled exception caught: System.SystemException: Il file di paging è troppo piccolo per essere completato.
   at Ryujinx.Memory.MemoryManagementWindows.Commit(IntPtr location, IntPtr size) in D:\a\src\src\src\Ryujinx.Memory\MemoryManagementWindows.cs:line 62
   at Ryujinx.Memory.MemoryManagement.Commit(IntPtr address, UInt64 size, Boolean forJit) in D:\a\src\src\src\Ryujinx.Memory\MemoryManagement.cs:line 43
   at Ryujinx.Memory.MemoryBlock.Commit(UInt64 offset, UInt64 size) in D:\a\src\src\src\Ryujinx.Memory\MemoryBlock.cs:line 108
   at Ryujinx.HLE.HOS.Kernel.KernelContext.CommitMemory(UInt64 address, UInt64 size) in D:\a\src\src\src\Ryujinx.HLE\HOS\Kernel\KernelContext.cs:line 131
   at Ryujinx.HLE.HOS.Kernel.Memory.KPageTable.MapPages(UInt64 address, KPageList pageList, KMemoryPermission permission, MemoryMapFlags flags, Boolean shouldFillPages, Byte fillValue) in D:\a\src\src\src\Ryujinx.HLE\HOS\Kernel\Memory\KPageTable.cs:line 155
   at Ryujinx.HLE.HOS.Kernel.Memory.KPageTableBase.SetHeapSize(UInt64 size, UInt64& address) in D:\a\src\src\src\Ryujinx.HLE\HOS\Kernel\Memory\KPageTableBase.cs:line 805
   at Ryujinx.HLE.HOS.Kernel.SupervisorCall.Syscall.SetHeapSize(UInt64& address, UInt64 size) in D:\a\src\src\src\Ryujinx.HLE\HOS\Kernel\SupervisorCall\Syscall.cs:line 898
   at Ryujinx.HLE.HOS.Kernel.SupervisorCall.SyscallDispatch.SetHeapSize64(Syscall syscall, IExecutionContext context) in D:\a\src\src\src\Ryujinx.HLE\obj\Release\net9.0\Ryujinx.Horizon.Kernel.Generators\Ryujinx.Horizon.Kernel.Generators.SyscallGenerator\SyscallDispatch.g.cs:line 624
   at Ryujinx.HLE.HOS.Kernel.SupervisorCall.SyscallDispatch.Dispatch64(Syscall syscall, IExecutionContext context, Int32 id) in D:\a\src\src\src\Ryujinx.HLE\obj\Release\net9.0\Ryujinx.Horizon.Kernel.Generators\Ryujinx.Horizon.Kernel.Generators.SyscallGenerator\SyscallDispatch.g.cs:line 3353
   at Ryujinx.HLE.HOS.Kernel.SupervisorCall.SyscallHandler.SvcCall(IExecutionContext context, UInt64 address, Int32 id) in D:\a\src\src\src\Ryujinx.HLE\HOS\Kernel\SupervisorCall\SyscallHandler.cs:line 38
   at Ryujinx.Cpu.Jit.JitExecutionContext.SupervisorCallHandler(ExecutionContext context, UInt64 address, Int32 imm) in D:\a\src\src\src\Ryujinx.Cpu\Jit\JitExecutionContext.cs:line 113
   at ARMeilleure.Instructions.NativeInterface.SupervisorCall(UInt64 address, Int32 imm) in D:\a\src\src\src\ARMeilleure\Instructions\NativeInterface.cs:line 54
   at ARMeilleure.Translation.Translator.Execute(ExecutionContext context, UInt64 address) in D:\a\src\src\src\ARMeilleure\Translation\Translator.cs:line 142
   at Ryujinx.Cpu.Jit.JitCpuContext.Execute(IExecutionContext context, UInt64 address) in D:\a\src\src\src\Ryujinx.Cpu\Jit\JitCpuContext.cs:line 42
   at Ryujinx.HLE.HOS.ArmProcessContext`1.Execute(IExecutionContext context, UInt64 codeAddress) in D:\a\src\src\src\Ryujinx.HLE\HOS\ArmProcessContext.cs:line 63
   at Ryujinx.HLE.HOS.Kernel.Threading.KThread.ThreadStart() in D:\a\src\src\src\Ryujinx.HLE\HOS\Kernel\Threading\KThread.cs:line 1305
   at System.Threading.Thread.StartCallback()
